<?xml version="1.0" encoding="UTF-8"?>
<testng-results skipped="0" failed="0" total="0" passed="0">
  <reporter-output>
  </reporter-output>
  <suite name="Surefire suite" duration-ms="3" started-at="2021-02-01T01:03:37Z" finished-at="2021-02-01T01:03:37Z">
    <groups>
    </groups>
    <test name="Surefire test" duration-ms="3" started-at="2021-02-01T01:03:37Z" finished-at="2021-02-01T01:03:37Z">
      <class name="org.PlanCanadaTestAutomation.baseClass.TestBase">
        <test-method status="PASS" signature="beforeSuite()[pri:0, instance:org.PlanCanadaTestAutomation.baseClass.TestBase@14acaea5]" name="beforeSuite" is-config="true" duration-ms="162" started-at="2021-01-31T20:03:37Z" finished-at="2021-01-31T20:03:37Z">
          <reporter-output>
          </reporter-output>
        </test-method> <!-- beforeSuite -->
        <test-method status="PASS" signature="afterSuite()[pri:0, instance:org.PlanCanadaTestAutomation.baseClass.TestBase@14acaea5]" name="afterSuite" is-config="true" duration-ms="1" started-at="2021-01-31T20:03:37Z" finished-at="2021-01-31T20:03:37Z">
          <reporter-output>
          </reporter-output>
        </test-method> <!-- afterSuite -->
      </class> <!-- org.PlanCanadaTestAutomation.baseClass.TestBase -->
    </test> <!-- Surefire test -->
  </suite> <!-- Surefire suite -->
</testng-results>
