<?xml version="1.0" encoding="UTF-8"?>
<!-- Generated by org.testng.reporters.JUnitXMLReporter -->
<testsuite hostname="WSPF1KM48H" name="Unit Test - twoPaymentsBothPaid" tests="2" failures="0" timestamp="10 Mar 2021 18:00:02 GMT" time="64.168" errors="0">
  <testcase name="salesForce_HomeScreen" time="3.821" classname="org.SalesForceTestAutomation.tests.CP_476_twoPaymentsBothPaid"/>
  <testcase name="salesForce_Opportunity" time="53.257" classname="org.SalesForceTestAutomation.tests.CP_476_twoPaymentsBothPaid"/>
</testsuite> <!-- Unit Test - twoPaymentsBothPaid -->
