<?xml version="1.0" encoding="UTF-8"?>
<!-- Generated by org.testng.reporters.JUnitXMLReporter -->
<testsuite hostname="WSPF1KM48H" name="Unit Test -  onePaymentOnNewOpportunity" tests="2" failures="0" timestamp="10 Mar 2021 17:45:07 GMT" time="50.237" errors="0">
  <testcase name="salesForce_HomeScreen" time="4.547" classname="org.SalesForceTestAutomation.tests.CP_474_onePaymentOnNewOpportunity"/>
  <testcase name="salesForce_Opportunity" time="38.874" classname="org.SalesForceTestAutomation.tests.CP_474_onePaymentOnNewOpportunity"/>
</testsuite> <!-- Unit Test -  onePaymentOnNewOpportunity -->
