<?xml version="1.0" encoding="UTF-8"?>
<!-- Generated by org.testng.reporters.JUnitXMLReporter -->
<testsuite hostname="WSPF1KM48H" name="Unit Test - onePaidOnTwoPayments" tests="2" failures="0" timestamp="10 Mar 2021 17:52:36 GMT" time="57.521" errors="0">
  <testcase name="salesForce_HomeScreen" time="3.744" classname="org.SalesForceTestAutomation.tests.CP_475_onePaidOnTwoPayments"/>
  <testcase name="salesForce_Opportunity" time="45.293" classname="org.SalesForceTestAutomation.tests.CP_475_onePaidOnTwoPayments"/>
</testsuite> <!-- Unit Test - onePaidOnTwoPayments -->
