<?xml version="1.0" encoding="UTF-8"?>
<!-- Generated by org.testng.reporters.JUnitXMLReporter -->
<testsuite hostname="WSPF1KM48H" name="Unit Test - abilitytoRelateOriginalPaymentwithaNegativeAmount" tests="2" failures="0" timestamp="10 Mar 2021 18:30:27 GMT" time="59.559" errors="0">
  <testcase name="salesForce_HomeScreen" time="2.05" classname="org.SalesForceTestAutomation.tests.CP_647_abilitytoRelateOriginalPaymentwithaNegativeAmount"/>
  <testcase name="salesForce_Opportunity" time="48.663" classname="org.SalesForceTestAutomation.tests.CP_647_abilitytoRelateOriginalPaymentwithaNegativeAmount"/>
</testsuite> <!-- Unit Test - abilitytoRelateOriginalPaymentwithaNegativeAmount -->
