<?xml version="1.0" encoding="UTF-8"?>
<!-- Generated by org.testng.reporters.JUnitXMLReporter -->
<testsuite hostname="WSPF1KM48H" name="Unit Test - abilitytoRelateOriginalPaymentwithaPositiveAmount" tests="2" failures="0" timestamp="10 Mar 2021 18:35:35 GMT" time="56.322" errors="0">
  <testcase name="salesForce_HomeScreen" time="4.291" classname="org.SalesForceTestAutomation.tests.CP_796_abilitytoRelateOriginalPaymentwithaPositiveAmount"/>
  <testcase name="salesForce_Opportunity" time="44.563" classname="org.SalesForceTestAutomation.tests.CP_796_abilitytoRelateOriginalPaymentwithaPositiveAmount"/>
</testsuite> <!-- Unit Test - abilitytoRelateOriginalPaymentwithaPositiveAmount -->
