<?xml version="1.0" encoding="UTF-8"?>
<testng-results skipped="1" failed="0" total="1" passed="0">
  <reporter-output>
  </reporter-output>
  <suite name="Unit Test" duration-ms="5481" started-at="2021-03-18T16:13:52Z" finished-at="2021-03-18T16:13:58Z">
    <groups>
    </groups>
    <test name="Unit Test" duration-ms="5481" started-at="2021-03-18T16:13:52Z" finished-at="2021-03-18T16:13:58Z">
      <class name="org.SalesForceTestAutomation.tests.CP_1114_ASL_createJournalEntriesat2AM">
        <test-method status="PASS" signature="beforeSuite()[pri:0, instance:org.SalesForceTestAutomation.tests.CP_1114_ASL_createJournalEntriesat2AM@7c29daf3]" name="beforeSuite" is-config="true" duration-ms="176" started-at="2021-03-18T12:13:52Z" finished-at="2021-03-18T12:13:52Z">
          <reporter-output>
          </reporter-output>
        </test-method> <!-- beforeSuite -->
        <test-method status="FAIL" signature="setUp(java.lang.String)[pri:0, instance:org.SalesForceTestAutomation.tests.CP_1114_ASL_createJournalEntriesat2AM@7c29daf3]" name="setUp" is-config="true" duration-ms="0" started-at="2021-03-18T12:13:52Z" finished-at="2021-03-18T12:13:52Z">
          <params>
            <param index="0">
              <value>
                <![CDATA[IE]]>
              </value>
            </param>
          </params>
          <exception class="org.openqa.selenium.SessionNotCreatedException">
            <message>
              <![CDATA[Unexpected error launching Internet Explorer. Browser zoom level was set to 150%. It should be set to 100%
Build info: version: '3.141.59', revision: 'e82be7d358', time: '2018-11-14T08:25:53'
System info: host: 'WSPF1KM48H', ip: '10.245.205.109', os.name: 'Windows 10', os.arch: 'amd64', os.version: '10.0', java.version: '1.8.0_281'
Driver info: driver.version: InternetExplorerDriver
remote stacktrace: ]]>
            </message>
            <full-stacktrace>
              <![CDATA[org.openqa.selenium.SessionNotCreatedException: Unexpected error launching Internet Explorer. Browser zoom level was set to 150%. It should be set to 100%
Build info: version: '3.141.59', revision: 'e82be7d358', time: '2018-11-14T08:25:53'
System info: host: 'WSPF1KM48H', ip: '10.245.205.109', os.name: 'Windows 10', os.arch: 'amd64', os.version: '10.0', java.version: '1.8.0_281'
Driver info: driver.version: InternetExplorerDriver
remote stacktrace: 
	at sun.reflect.NativeConstructorAccessorImpl.newInstance0(Native Method)
	at sun.reflect.NativeConstructorAccessorImpl.newInstance(Unknown Source)
	at sun.reflect.DelegatingConstructorAccessorImpl.newInstance(Unknown Source)
	at java.lang.reflect.Constructor.newInstance(Unknown Source)
	at org.openqa.selenium.remote.W3CHandshakeResponse.lambda$errorHandler$0(W3CHandshakeResponse.java:62)
	at org.openqa.selenium.remote.HandshakeResponse.lambda$getResponseFunction$0(HandshakeResponse.java:30)
	at org.openqa.selenium.remote.ProtocolHandshake.lambda$createSession$0(ProtocolHandshake.java:126)
	at java.util.stream.ReferencePipeline$3$1.accept(Unknown Source)
	at java.util.Spliterators$ArraySpliterator.tryAdvance(Unknown Source)
	at java.util.stream.ReferencePipeline.forEachWithCancel(Unknown Source)
	at java.util.stream.AbstractPipeline.copyIntoWithCancel(Unknown Source)
	at java.util.stream.AbstractPipeline.copyInto(Unknown Source)
	at java.util.stream.AbstractPipeline.wrapAndCopyInto(Unknown Source)
	at java.util.stream.FindOps$FindOp.evaluateSequential(Unknown Source)
	at java.util.stream.AbstractPipeline.evaluate(Unknown Source)
	at java.util.stream.ReferencePipeline.findFirst(Unknown Source)
	at org.openqa.selenium.remote.ProtocolHandshake.createSession(ProtocolHandshake.java:128)
	at org.openqa.selenium.remote.ProtocolHandshake.createSession(ProtocolHandshake.java:74)
	at org.openqa.selenium.remote.HttpCommandExecutor.execute(HttpCommandExecutor.java:136)
	at org.openqa.selenium.remote.service.DriverCommandExecutor.execute(DriverCommandExecutor.java:83)
	at org.openqa.selenium.remote.RemoteWebDriver.execute(RemoteWebDriver.java:552)
	at org.openqa.selenium.remote.RemoteWebDriver.startSession(RemoteWebDriver.java:213)
	at org.openqa.selenium.ie.InternetExplorerDriver.run(InternetExplorerDriver.java:221)
	at org.openqa.selenium.ie.InternetExplorerDriver.<init>(InternetExplorerDriver.java:213)
	at org.openqa.selenium.ie.InternetExplorerDriver.<init>(InternetExplorerDriver.java:150)
	at org.SalesForceTestAutomation.baseClass.TestBase.setUp(TestBase.java:57)
	at sun.reflect.NativeMethodAccessorImpl.invoke0(Native Method)
	at sun.reflect.NativeMethodAccessorImpl.invoke(Unknown Source)
	at sun.reflect.DelegatingMethodAccessorImpl.invoke(Unknown Source)
	at java.lang.reflect.Method.invoke(Unknown Source)
	at org.testng.internal.MethodInvocationHelper.invokeMethod(MethodInvocationHelper.java:100)
	at org.testng.internal.Invoker.invokeConfigurationMethod(Invoker.java:515)
	at org.testng.internal.Invoker.invokeConfigurations(Invoker.java:216)
	at org.testng.internal.Invoker.invokeConfigurations(Invoker.java:143)
	at org.testng.internal.TestMethodWorker.invokeBeforeClassMethods(TestMethodWorker.java:169)
	at org.testng.internal.TestMethodWorker.run(TestMethodWorker.java:108)
	at org.testng.TestRunner.privateRun(TestRunner.java:753)
	at org.testng.TestRunner.run(TestRunner.java:607)
	at org.testng.SuiteRunner.runTest(SuiteRunner.java:368)
	at org.testng.SuiteRunner.runSequentially(SuiteRunner.java:363)
	at org.testng.SuiteRunner.privateRun(SuiteRunner.java:321)
	at org.testng.SuiteRunner.run(SuiteRunner.java:270)
	at org.testng.SuiteRunnerWorker.runSuite(SuiteRunnerWorker.java:52)
	at org.testng.SuiteRunnerWorker.run(SuiteRunnerWorker.java:86)
	at org.testng.TestNG.runSuitesSequentially(TestNG.java:1284)
	at org.testng.TestNG.runSuitesLocally(TestNG.java:1209)
	at org.testng.TestNG.runSuites(TestNG.java:1124)
	at org.testng.TestNG.run(TestNG.java:1096)
	at org.testng.remote.AbstractRemoteTestNG.run(AbstractRemoteTestNG.java:132)
	at org.testng.remote.RemoteTestNG.initAndRun(RemoteTestNG.java:236)
	at org.testng.remote.RemoteTestNG.main(RemoteTestNG.java:81)
]]>
            </full-stacktrace>
          </exception> <!-- org.openqa.selenium.SessionNotCreatedException -->
          <reporter-output>
          </reporter-output>
        </test-method> <!-- setUp -->
        <test-method status="SKIP" signature="initPages()[pri:0, instance:org.SalesForceTestAutomation.tests.CP_1114_ASL_createJournalEntriesat2AM@7c29daf3]" name="initPages" is-config="true" duration-ms="0" started-at="2021-03-18T12:13:58Z" finished-at="2021-03-18T12:13:58Z">
          <reporter-output>
          </reporter-output>
        </test-method> <!-- initPages -->
        <test-method status="SKIP" signature="SF_Admin_Login()[pri:1, instance:org.SalesForceTestAutomation.tests.CP_1114_ASL_createJournalEntriesat2AM@7c29daf3]" name="SF_Admin_Login" duration-ms="0" started-at="2021-03-18T12:13:58Z" finished-at="2021-03-18T12:13:58Z">
          <reporter-output>
          </reporter-output>
        </test-method> <!-- SF_Admin_Login -->
        <test-method status="SKIP" signature="tearDown()[pri:0, instance:org.SalesForceTestAutomation.tests.CP_1114_ASL_createJournalEntriesat2AM@7c29daf3]" name="tearDown" is-config="true" duration-ms="0" started-at="2021-03-18T12:13:58Z" finished-at="2021-03-18T12:13:58Z">
          <reporter-output>
          </reporter-output>
        </test-method> <!-- tearDown -->
        <test-method status="SKIP" signature="afterSuite()[pri:0, instance:org.SalesForceTestAutomation.tests.CP_1114_ASL_createJournalEntriesat2AM@7c29daf3]" name="afterSuite" is-config="true" duration-ms="0" started-at="2021-03-18T12:13:58Z" finished-at="2021-03-18T12:13:58Z">
          <reporter-output>
          </reporter-output>
        </test-method> <!-- afterSuite -->
      </class> <!-- org.SalesForceTestAutomation.tests.CP_1114_ASL_createJournalEntriesat2AM -->
    </test> <!-- Unit Test -->
  </suite> <!-- Unit Test -->
</testng-results>
